<?xml version="1.0" encoding="UTF-8"?>
<!-- Generated by org.testng.reporters.JUnitReportReporter -->
<testsuite hostname="Mathews" failures="0" tests="1" name="com.itlearn.testcases.LoginTest" time="2.471" errors="0" timestamp="2024-03-25T01:16:49 IST" skipped="0">
  <testcase classname="com.itlearn.testcases.LoginTest" name="verifylogin" time="2.471"/>
  <system-out/>
</testsuite> <!-- com.itlearn.testcases.LoginTest -->
